#
# A fatal error has been detected by the Java Runtime Environment:
#
#  SIGBUS (0xa) at pc=0x0000000104f5eeb9, pid=8044, tid=5891
#
# JRE version: Java(TM) SE Runtime Environment (8.0_73-b02) (build 1.8.0_73-b02)
# Java VM: Java HotSpot(TM) 64-Bit Server VM (25.73-b02 mixed mode bsd-amd64 compressed oops)
# Problematic frame:
# C  [libzip.dylib+0x2eb9]  newEntry+0x154
#
# Failed to write core dump. Core dumps have been disabled. To enable core dumping, try "ulimit -c unlimited" before starting Java again
#
# If you would like to submit a bug report, please visit:
#   http://bugreport.java.com/bugreport/crash.jsp
# The crash happened outside the Java Virtual Machine in native code.
# See problematic frame for where to report the bug.
#

---------------  T H R E A D  ---------------

Current thread (0x00007fe792010000):  JavaThread "main" [_thread_in_native, id=5891, stack(0x000070000011a000,0x000070000021a000)]

siginfo: si_signo: 10 (SIGBUS), si_code: 2 (BUS_ADRERR), si_addr: 0x0000000123cac66f

Registers:
RAX=0x00007fe794430470, RBX=0x0000000123cac663, RCX=0x0000000000000f00, RDX=0x0000000000000000
RSP=0x0000700000217300, RBP=0x0000700000217360, RSI=0x00007fe791d00000, RDI=0x0000000104cada00
R8 =0x0000000000000004, R9 =0x00000000ffffffc0, R10=0x00000000de3a22e5, R11=0x00007fe791d00000
R12=0x00007fe796933600, R13=0x0000000000000070, R14=0x0000000081428b1c, R15=0x00007fe791d80b10
RIP=0x0000000104f5eeb9, EFLAGS=0x0000000000010206, ERR=0x0000000000000004
  TRAPNO=0x000000000000000e

Top of Stack: (sp=0x0000700000217300)
0x0000700000217300:   0000700000217240 000000000000003b
0x0000700000217310:   00007000002173d0 000000010647fc1a
0x0000700000217320:   0000700000217340 00007fe794430470
0x0000700000217330:   00007fe791df1610 00007fe794430470
0x0000700000217340:   00007fe796933600 0000000000000070
0x0000700000217350:   0000000081428b1c 00007fe791d80b10
0x0000700000217360:   00007000002173c0 0000000104f5f554
0x0000700000217370:   000070000021740e 000070000021740d
0x0000700000217380:   0000002e00000000 0000002f01010000
0x0000700000217390:   00007000002173de 0000700000217828
0x00007000002173a0:   000000000000002f 00007000002173de
0x00007000002173b0:   00007fe794430470 00007fe7920101f8
0x00007000002173c0:   0000700000217810 0000000104f5e34f
0x00007000002173d0:   00007fe791d00000 4f427fe700000001
0x00007000002173e0:   632f464e492d544f 632f73657373616c
0x00007000002173f0:   68736172702f6d6f 2f747365742f6c69
0x0000700000217400:   2e6c696873617250 0000007373616c63
0x0000700000217410:   0000000000001000 0000000100000000
0x0000700000217420:   0000000000000000 0000000780d33828
0x0000700000217430:   0000000000000000 0000700000217668
0x0000700000217440:   0000700000217490 00007fe792010000
0x0000700000217450:   00007000002174a0 0000000107b260f1
0x0000700000217460:   0000000780d33828 0000000780d33808
0x0000700000217470:   00007000002174a0 00007000002174a0
0x0000700000217480:   00000000006156e0 0000000000000003
0x0000700000217490:   00007000002174d0 00007fff95cc4c5f
0x00007000002174a0:   0000000104cada00 0000000000000000
0x00007000002174b0:   0000000104caa000 0000000104cada00
0x00007000002174c0:   0000000000000004 0000000000000000
0x00007000002174d0:   00007000002175c0 00007fff95cc3a26
0x00007000002174e0:   00007000002174e0 0000000a257ad511
0x00007000002174f0:   000000077ae94430 00007fe792010000 

Instructions: (pc=0x0000000104f5eeb9)
0x0000000104f5ee99:   49 8b 7f 38 e8 50 1b 00 00 4d 89 77 38 49 89 5f
0x0000000104f5eea9:   40 4c 89 f0 48 85 c0 0f 84 11 05 00 00 48 89 c3
0x0000000104f5eeb9:   0f b6 43 0c 0f b6 4b 0d 48 c1 e1 08 48 01 c1 0f
0x0000000104f5eec9:   b6 43 0e 0f b6 53 0f 48 c1 e2 08 48 01 c2 48 c1 

Register to memory mapping:

RAX=0x00007fe794430470 is an unknown value
RBX=0x0000000123cac663 is an unknown value
RCX=0x0000000000000f00 is an unknown value
RDX=0x0000000000000000 is an unknown value
RSP=0x0000700000217300 is pointing into the stack for thread: 0x00007fe792010000
RBP=0x0000700000217360 is pointing into the stack for thread: 0x00007fe792010000
RSI=0x00007fe791d00000 is an unknown value
RDI=0x0000000104cada00 is an unknown value
R8 =0x0000000000000004 is an unknown value
R9 =0x00000000ffffffc0 is an unknown value
R10=0x00000000de3a22e5 is an unknown value
R11=0x00007fe791d00000 is an unknown value
R12=0x00007fe796933600 is an unknown value
R13=0x0000000000000070 is an unknown value
R14=0x0000000081428b1c is an unknown value
R15=0x00007fe791d80b10 is an unknown value


Stack: [0x000070000011a000,0x000070000021a000],  sp=0x0000700000217300,  free space=1012k
Native frames: (J=compiled Java code, j=interpreted, Vv=VM code, C=native code)
C  [libzip.dylib+0x2eb9]  newEntry+0x154
C  [libzip.dylib+0x3554]  ZIP_GetEntry2+0xd4
C  [libzip.dylib+0x234f]  Java_java_util_zip_ZipFile_getEntry+0xcf
J 116  java.util.zip.ZipFile.getEntry(J[BZ)J (0 bytes) @ 0x00000001070ccb4e [0x00000001070cca80+0xce]
J 4316 C2 java.util.zip.ZipFile.getEntry(Ljava/lang/String;)Ljava/util/zip/ZipEntry; (86 bytes) @ 0x0000000107a432cc [0x0000000107a42f80+0x34c]
J 4738 C2 org.codehaus.plexus.archiver.zip.AbstractZipArchiver.zipFile(Lorg/codehaus/plexus/archiver/ArchiveEntry;Lorg/codehaus/plexus/archiver/zip/ZipOutputStream;Ljava/lang/String;)V (138 bytes) @ 0x0000000107423fd4 [0x0000000107423cc0+0x314]
j  org.codehaus.plexus.archiver.zip.AbstractZipArchiver.addResources(Lorg/codehaus/plexus/archiver/ResourceIterator;Lorg/codehaus/plexus/archiver/zip/ZipOutputStream;)V+125
j  org.codehaus.plexus.archiver.zip.AbstractZipArchiver.createArchiveMain()V+577
j  org.codehaus.plexus.archiver.zip.AbstractZipArchiver.execute()V+37
j  org.codehaus.plexus.archiver.AbstractArchiver.createArchive()V+31
j  org.apache.maven.plugin.assembly.archive.archiver.AssemblyProxyArchiver.createArchive()V+63
j  org.apache.maven.plugin.assembly.archive.DefaultAssemblyArchiver.createArchive(Lorg/apache/maven/plugin/assembly/model/Assembly;Ljava/lang/String;Ljava/lang/String;Lorg/apache/maven/plugin/assembly/AssemblerConfigurationSource;Z)Ljava/io/File;+243
j  org.apache.maven.plugin.assembly.mojos.AbstractAssemblyMojo.execute()V+266
j  org.apache.maven.plugin.DefaultBuildPluginManager.executeMojo(Lorg/apache/maven/execution/MavenSession;Lorg/apache/maven/plugin/MojoExecution;)V+101
j  org.apache.maven.lifecycle.internal.MojoExecutor.execute(Lorg/apache/maven/execution/MavenSession;Lorg/apache/maven/plugin/MojoExecution;Lorg/apache/maven/lifecycle/internal/ProjectIndex;Lorg/apache/maven/lifecycle/internal/DependencyContext;)V+215
j  org.apache.maven.lifecycle.internal.MojoExecutor.execute(Lorg/apache/maven/execution/MavenSession;Lorg/apache/maven/plugin/MojoExecution;Lorg/apache/maven/lifecycle/internal/ProjectIndex;Lorg/apache/maven/lifecycle/internal/DependencyContext;Lorg/apache/maven/lifecycle/internal/PhaseRecorder;)V+6
j  org.apache.maven.lifecycle.internal.MojoExecutor.execute(Lorg/apache/maven/execution/MavenSession;Ljava/util/List;Lorg/apache/maven/lifecycle/internal/ProjectIndex;)V+60
j  org.apache.maven.lifecycle.internal.LifecycleModuleBuilder.buildProject(Lorg/apache/maven/execution/MavenSession;Lorg/apache/maven/execution/MavenSession;Lorg/apache/maven/lifecycle/internal/ReactorContext;Lorg/apache/maven/project/MavenProject;Lorg/apache/maven/lifecycle/internal/TaskSegment;)V+107
j  org.apache.maven.lifecycle.internal.LifecycleModuleBuilder.buildProject(Lorg/apache/maven/execution/MavenSession;Lorg/apache/maven/lifecycle/internal/ReactorContext;Lorg/apache/maven/project/MavenProject;Lorg/apache/maven/lifecycle/internal/TaskSegment;)V+7
j  org.apache.maven.lifecycle.internal.LifecycleStarter.singleThreadedBuild(Lorg/apache/maven/execution/MavenSession;Lorg/apache/maven/lifecycle/internal/ReactorContext;Lorg/apache/maven/lifecycle/internal/ProjectBuildList;Ljava/util/List;Lorg/apache/maven/lifecycle/internal/ReactorBuildStatus;)V+77
j  org.apache.maven.lifecycle.internal.LifecycleStarter.execute(Lorg/apache/maven/execution/MavenSession;)V+421
j  org.apache.maven.DefaultMaven.doExecute(Lorg/apache/maven/execution/MavenExecutionRequest;)Lorg/apache/maven/execution/MavenExecutionResult;+585
j  org.apache.maven.DefaultMaven.execute(Lorg/apache/maven/execution/MavenExecutionRequest;)Lorg/apache/maven/execution/MavenExecutionResult;+11
j  org.apache.maven.cli.MavenCli.execute(Lorg/apache/maven/cli/MavenCli$CliRequest;)I+19
j  org.apache.maven.cli.MavenCli.doMain(Lorg/apache/maven/cli/MavenCli$CliRequest;)I+53
j  org.apache.maven.cli.MavenCli.main([Ljava/lang/String;Lorg/codehaus/plexus/classworlds/ClassWorld;)I+18
v  ~StubRoutines::call_stub
V  [libjvm.dylib+0x2eae7a]
V  [libjvm.dylib+0x4cb3ac]
V  [libjvm.dylib+0x4cb8e0]
V  [libjvm.dylib+0x34308c]
j  sun.reflect.NativeMethodAccessorImpl.invoke0(Ljava/lang/reflect/Method;Ljava/lang/Object;[Ljava/lang/Object;)Ljava/lang/Object;+0
j  sun.reflect.NativeMethodAccessorImpl.invoke(Ljava/lang/Object;[Ljava/lang/Object;)Ljava/lang/Object;+100
j  sun.reflect.DelegatingMethodAccessorImpl.invoke(Ljava/lang/Object;[Ljava/lang/Object;)Ljava/lang/Object;+6
j  java.lang.reflect.Method.invoke(Ljava/lang/Object;[Ljava/lang/Object;)Ljava/lang/Object;+56
j  org.codehaus.plexus.classworlds.launcher.Launcher.launchEnhanced([Ljava/lang/String;)V+45
j  org.codehaus.plexus.classworlds.launcher.Launcher.launch([Ljava/lang/String;)V+2
j  org.codehaus.plexus.classworlds.launcher.Launcher.mainWithExitCode([Ljava/lang/String;)I+97
j  org.codehaus.plexus.classworlds.launcher.Launcher.main([Ljava/lang/String;)V+1
j  org.codehaus.classworlds.Launcher.main([Ljava/lang/String;)V+1
v  ~StubRoutines::call_stub
V  [libjvm.dylib+0x2eae7a]
V  [libjvm.dylib+0x4cb3ac]
V  [libjvm.dylib+0x4cb8e0]
V  [libjvm.dylib+0x34308c]
j  sun.reflect.NativeMethodAccessorImpl.invoke0(Ljava/lang/reflect/Method;Ljava/lang/Object;[Ljava/lang/Object;)Ljava/lang/Object;+0
j  sun.reflect.NativeMethodAccessorImpl.invoke(Ljava/lang/Object;[Ljava/lang/Object;)Ljava/lang/Object;+100
j  sun.reflect.DelegatingMethodAccessorImpl.invoke(Ljava/lang/Object;[Ljava/lang/Object;)Ljava/lang/Object;+6
j  java.lang.reflect.Method.invoke(Ljava/lang/Object;[Ljava/lang/Object;)Ljava/lang/Object;+56
j  com.intellij.rt.execution.application.AppMain.main([Ljava/lang/String;)V+170
v  ~StubRoutines::call_stub
V  [libjvm.dylib+0x2eae7a]
V  [libjvm.dylib+0x321bec]
V  [libjvm.dylib+0x31a966]
C  [java+0x393e]  JavaMain+0x9b1
C  [libsystem_pthread.dylib+0x399d]  _pthread_body+0x83
C  [libsystem_pthread.dylib+0x391a]  _pthread_body+0x0
C  [libsystem_pthread.dylib+0x1351]  thread_start+0xd
C  0x0000000000000000

Java frames: (J=compiled Java code, j=interpreted, Vv=VM code)
J 116  java.util.zip.ZipFile.getEntry(J[BZ)J (0 bytes) @ 0x00000001070ccad8 [0x00000001070cca80+0x58]
J 4316 C2 java.util.zip.ZipFile.getEntry(Ljava/lang/String;)Ljava/util/zip/ZipEntry; (86 bytes) @ 0x0000000107a432cc [0x0000000107a42f80+0x34c]
J 4738 C2 org.codehaus.plexus.archiver.zip.AbstractZipArchiver.zipFile(Lorg/codehaus/plexus/archiver/ArchiveEntry;Lorg/codehaus/plexus/archiver/zip/ZipOutputStream;Ljava/lang/String;)V (138 bytes) @ 0x0000000107423fd4 [0x0000000107423cc0+0x314]
j  org.codehaus.plexus.archiver.zip.AbstractZipArchiver.addResources(Lorg/codehaus/plexus/archiver/ResourceIterator;Lorg/codehaus/plexus/archiver/zip/ZipOutputStream;)V+125
j  org.codehaus.plexus.archiver.zip.AbstractZipArchiver.createArchiveMain()V+577
j  org.codehaus.plexus.archiver.zip.AbstractZipArchiver.execute()V+37
j  org.codehaus.plexus.archiver.AbstractArchiver.createArchive()V+31
j  org.apache.maven.plugin.assembly.archive.archiver.AssemblyProxyArchiver.createArchive()V+63
j  org.apache.maven.plugin.assembly.archive.DefaultAssemblyArchiver.createArchive(Lorg/apache/maven/plugin/assembly/model/Assembly;Ljava/lang/String;Ljava/lang/String;Lorg/apache/maven/plugin/assembly/AssemblerConfigurationSource;Z)Ljava/io/File;+243
j  org.apache.maven.plugin.assembly.mojos.AbstractAssemblyMojo.execute()V+266
j  org.apache.maven.plugin.DefaultBuildPluginManager.executeMojo(Lorg/apache/maven/execution/MavenSession;Lorg/apache/maven/plugin/MojoExecution;)V+101
j  org.apache.maven.lifecycle.internal.MojoExecutor.execute(Lorg/apache/maven/execution/MavenSession;Lorg/apache/maven/plugin/MojoExecution;Lorg/apache/maven/lifecycle/internal/ProjectIndex;Lorg/apache/maven/lifecycle/internal/DependencyContext;)V+215
j  org.apache.maven.lifecycle.internal.MojoExecutor.execute(Lorg/apache/maven/execution/MavenSession;Lorg/apache/maven/plugin/MojoExecution;Lorg/apache/maven/lifecycle/internal/ProjectIndex;Lorg/apache/maven/lifecycle/internal/DependencyContext;Lorg/apache/maven/lifecycle/internal/PhaseRecorder;)V+6
j  org.apache.maven.lifecycle.internal.MojoExecutor.execute(Lorg/apache/maven/execution/MavenSession;Ljava/util/List;Lorg/apache/maven/lifecycle/internal/ProjectIndex;)V+60
j  org.apache.maven.lifecycle.internal.LifecycleModuleBuilder.buildProject(Lorg/apache/maven/execution/MavenSession;Lorg/apache/maven/execution/MavenSession;Lorg/apache/maven/lifecycle/internal/ReactorContext;Lorg/apache/maven/project/MavenProject;Lorg/apache/maven/lifecycle/internal/TaskSegment;)V+107
j  org.apache.maven.lifecycle.internal.LifecycleModuleBuilder.buildProject(Lorg/apache/maven/execution/MavenSession;Lorg/apache/maven/lifecycle/internal/ReactorContext;Lorg/apache/maven/project/MavenProject;Lorg/apache/maven/lifecycle/internal/TaskSegment;)V+7
j  org.apache.maven.lifecycle.internal.LifecycleStarter.singleThreadedBuild(Lorg/apache/maven/execution/MavenSession;Lorg/apache/maven/lifecycle/internal/ReactorContext;Lorg/apache/maven/lifecycle/internal/ProjectBuildList;Ljava/util/List;Lorg/apache/maven/lifecycle/internal/ReactorBuildStatus;)V+77
j  org.apache.maven.lifecycle.internal.LifecycleStarter.execute(Lorg/apache/maven/execution/MavenSession;)V+421
j  org.apache.maven.DefaultMaven.doExecute(Lorg/apache/maven/execution/MavenExecutionRequest;)Lorg/apache/maven/execution/MavenExecutionResult;+585
j  org.apache.maven.DefaultMaven.execute(Lorg/apache/maven/execution/MavenExecutionRequest;)Lorg/apache/maven/execution/MavenExecutionResult;+11
j  org.apache.maven.cli.MavenCli.execute(Lorg/apache/maven/cli/MavenCli$CliRequest;)I+19
j  org.apache.maven.cli.MavenCli.doMain(Lorg/apache/maven/cli/MavenCli$CliRequest;)I+53
j  org.apache.maven.cli.MavenCli.main([Ljava/lang/String;Lorg/codehaus/plexus/classworlds/ClassWorld;)I+18
v  ~StubRoutines::call_stub
j  sun.reflect.NativeMethodAccessorImpl.invoke0(Ljava/lang/reflect/Method;Ljava/lang/Object;[Ljava/lang/Object;)Ljava/lang/Object;+0
j  sun.reflect.NativeMethodAccessorImpl.invoke(Ljava/lang/Object;[Ljava/lang/Object;)Ljava/lang/Object;+100
j  sun.reflect.DelegatingMethodAccessorImpl.invoke(Ljava/lang/Object;[Ljava/lang/Object;)Ljava/lang/Object;+6
j  java.lang.reflect.Method.invoke(Ljava/lang/Object;[Ljava/lang/Object;)Ljava/lang/Object;+56
j  org.codehaus.plexus.classworlds.launcher.Launcher.launchEnhanced([Ljava/lang/String;)V+45
j  org.codehaus.plexus.classworlds.launcher.Launcher.launch([Ljava/lang/String;)V+2
j  org.codehaus.plexus.classworlds.launcher.Launcher.mainWithExitCode([Ljava/lang/String;)I+97
j  org.codehaus.plexus.classworlds.launcher.Launcher.main([Ljava/lang/String;)V+1
j  org.codehaus.classworlds.Launcher.main([Ljava/lang/String;)V+1
v  ~StubRoutines::call_stub
j  sun.reflect.NativeMethodAccessorImpl.invoke0(Ljava/lang/reflect/Method;Ljava/lang/Object;[Ljava/lang/Object;)Ljava/lang/Object;+0
j  sun.reflect.NativeMethodAccessorImpl.invoke(Ljava/lang/Object;[Ljava/lang/Object;)Ljava/lang/Object;+100
j  sun.reflect.DelegatingMethodAccessorImpl.invoke(Ljava/lang/Object;[Ljava/lang/Object;)Ljava/lang/Object;+6
j  java.lang.reflect.Method.invoke(Ljava/lang/Object;[Ljava/lang/Object;)Ljava/lang/Object;+56
j  com.intellij.rt.execution.application.AppMain.main([Ljava/lang/String;)V+170
v  ~StubRoutines::call_stub

---------------  P R O C E S S  ---------------

Java Threads: ( => current thread )
  0x00007fe7938e7800 JavaThread "resolver-5" daemon [_thread_blocked, id=25347, stack(0x0000700001a93000,0x0000700001b93000)]
  0x00007fe7938e6800 JavaThread "resolver-4" daemon [_thread_blocked, id=24835, stack(0x0000700001990000,0x0000700001a90000)]
  0x00007fe7938be800 JavaThread "resolver-3" daemon [_thread_blocked, id=24323, stack(0x000070000188d000,0x000070000198d000)]
  0x00007fe7938be000 JavaThread "resolver-2" daemon [_thread_blocked, id=23811, stack(0x000070000178a000,0x000070000188a000)]
  0x00007fe794935000 JavaThread "resolver-1" daemon [_thread_blocked, id=23299, stack(0x0000700001687000,0x0000700001787000)]
  0x00007fe794a88000 JavaThread "process reaper" daemon [_thread_blocked, id=22787, stack(0x000070000165c000,0x0000700001684000)]
  0x00007fe792880000 JavaThread "Monitor Ctrl-Break" daemon [_thread_in_native, id=22275, stack(0x0000700001559000,0x0000700001659000)]
  0x00007fe79484d800 JavaThread "Service Thread" daemon [_thread_blocked, id=21251, stack(0x0000700001353000,0x0000700001453000)]
  0x00007fe794845000 JavaThread "C1 CompilerThread3" daemon [_thread_blocked, id=20739, stack(0x0000700001250000,0x0000700001350000)]
  0x00007fe794844000 JavaThread "C2 CompilerThread2" daemon [_thread_blocked, id=20227, stack(0x000070000114d000,0x000070000124d000)]
  0x00007fe794817800 JavaThread "C2 CompilerThread1" daemon [_thread_blocked, id=19715, stack(0x000070000104a000,0x000070000114a000)]
  0x00007fe792818800 JavaThread "C2 CompilerThread0" daemon [_thread_blocked, id=19203, stack(0x0000700000f47000,0x0000700001047000)]
  0x00007fe792812000 JavaThread "Signal Dispatcher" daemon [_thread_blocked, id=14863, stack(0x0000700000e44000,0x0000700000f44000)]
  0x00007fe794836000 JavaThread "Finalizer" daemon [_thread_blocked, id=14339, stack(0x0000700000c3b000,0x0000700000d3b000)]
  0x00007fe794835000 JavaThread "Reference Handler" daemon [_thread_blocked, id=13827, stack(0x0000700000b38000,0x0000700000c38000)]
=>0x00007fe792010000 JavaThread "main" [_thread_in_native, id=5891, stack(0x000070000011a000,0x000070000021a000)]

Other Threads:
  0x00007fe79280e000 VMThread [stack: 0x0000700000a35000,0x0000700000b35000] [id=13315]
  0x00007fe794837800 WatcherThread [stack: 0x0000700001456000,0x0000700001556000] [id=21763]

VM state:not at safepoint (normal execution)

VM Mutex/Monitor currently owned by a thread: None

Heap:
 PSYoungGen      total 386560K, used 297239K [0x000000076ab00000, 0x0000000789380000, 0x00000007c0000000)
  eden space 360448K, 75% used [0x000000076ab00000,0x000000077b4b1390,0x0000000780b00000)
  from space 26112K, 96% used [0x0000000780b00000,0x0000000782394b58,0x0000000782480000)
  to   space 29184K, 0% used [0x0000000787700000,0x0000000787700000,0x0000000789380000)
 ParOldGen       total 132096K, used 22350K [0x00000006c0000000, 0x00000006c8100000, 0x000000076ab00000)
  object space 132096K, 16% used [0x00000006c0000000,0x00000006c15d3a30,0x00000006c8100000)
 Metaspace       used 23999K, capacity 24648K, committed 24832K, reserved 1071104K
  class space    used 2772K, capacity 2951K, committed 3072K, reserved 1048576K

Card table byte_map: [0x000000011634d000,0x0000000116b4e000] byte_map_base: 0x0000000112d4d000

Marking Bits: (ParMarkBitMap*) 0x00000001068e3ea0
 Begin Bits: [0x00000001170a4000, 0x000000011b0a4000)
 End Bits:   [0x000000011b0a4000, 0x000000011f0a4000)

Polling page: 0x0000000104f52000

CodeCache: size=245760Kb used=13503Kb max_used=13840Kb free=232256Kb
 bounds [0x0000000106f8d000, 0x0000000107d2d000, 0x0000000115f8d000]
 total_blobs=4448 nmethods=4055 adapters=305
 compilation: enabled

Compilation events (10 events):
Event: 6.972 Thread 0x00007fe794845000 4751       3       java.net.URI::appendAuthority (278 bytes)
Event: 6.974 Thread 0x00007fe794845000 nmethod 4751 0x00000001076fe190 code [0x00000001076fe5e0, 0x0000000107702288]
Event: 6.974 Thread 0x00007fe794845000 4752       3       java.net.URI::appendFragment (27 bytes)
Event: 6.975 Thread 0x00007fe794845000 nmethod 4752 0x0000000107a51a50 code [0x0000000107a51c20, 0x0000000107a52588]
Event: 7.363 Thread 0x00007fe794845000 4753       3       java.net.URI::toURL (29 bytes)
Event: 7.363 Thread 0x00007fe794845000 nmethod 4753 0x00000001075a0910 code [0x00000001075a0ae0, 0x00000001075a1108]
Event: 7.364 Thread 0x00007fe794845000 4754       3       java.net.URI::toString (9 bytes)
Event: 7.364 Thread 0x00007fe794845000 nmethod 4754 0x00000001073fbf90 code [0x00000001073fc100, 0x00000001073fc2a8]
Event: 7.364 Thread 0x00007fe794845000 4755       3       java.net.URI::defineString (289 bytes)
Event: 7.366 Thread 0x00007fe794845000 nmethod 4755 0x00000001078e3050 code [0x00000001078e3520, 0x00000001078e82d8]

GC Heap History (10 events):
Event: 4.068 GC heap before
{Heap before GC invocations=10 (full 1):
 PSYoungGen      total 267776K, used 253248K [0x000000076ab00000, 0x0000000781900000, 0x00000007c0000000)
  eden space 247296K, 100% used [0x000000076ab00000,0x0000000779c80000,0x0000000779c80000)
  from space 20480K, 29% used [0x000000077b000000,0x000000077b5d0010,0x000000077c400000)
  to   space 19968K, 0% used [0x0000000779c80000,0x0000000779c80000,0x000000077b000000)
 ParOldGen       total 132096K, used 21140K [0x00000006c0000000, 0x00000006c8100000, 0x000000076ab00000)
  object space 132096K, 16% used [0x00000006c0000000,0x00000006c14a5278,0x00000006c8100000)
 Metaspace       used 23656K, capacity 24294K, committed 24448K, reserved 1071104K
  class space    used 2748K, capacity 2943K, committed 2944K, reserved 1048576K
Event: 4.079 GC heap after
Heap after GC invocations=10 (full 1):
 PSYoungGen      total 267264K, used 17151K [0x000000076ab00000, 0x000000077fb00000, 0x00000007c0000000)
  eden space 247296K, 0% used [0x000000076ab00000,0x000000076ab00000,0x0000000779c80000)
  from space 19968K, 85% used [0x0000000779c80000,0x000000077ad3ff38,0x000000077b000000)
  to   space 22016K, 0% used [0x000000077e580000,0x000000077e580000,0x000000077fb00000)
 ParOldGen       total 132096K, used 21148K [0x00000006c0000000, 0x00000006c8100000, 0x000000076ab00000)
  object space 132096K, 16% used [0x00000006c0000000,0x00000006c14a7278,0x00000006c8100000)
 Metaspace       used 23656K, capacity 24294K, committed 24448K, reserved 1071104K
  class space    used 2748K, capacity 2943K, committed 2944K, reserved 1048576K
}
Event: 4.772 GC heap before
{Heap before GC invocations=11 (full 1):
 PSYoungGen      total 267264K, used 264447K [0x000000076ab00000, 0x000000077fb00000, 0x00000007c0000000)
  eden space 247296K, 100% used [0x000000076ab00000,0x0000000779c80000,0x0000000779c80000)
  from space 19968K, 85% used [0x0000000779c80000,0x000000077ad3ff38,0x000000077b000000)
  to   space 22016K, 0% used [0x000000077e580000,0x000000077e580000,0x000000077fb00000)
 ParOldGen       total 132096K, used 21148K [0x00000006c0000000, 0x00000006c8100000, 0x000000076ab00000)
  object space 132096K, 16% used [0x00000006c0000000,0x00000006c14a7278,0x00000006c8100000)
 Metaspace       used 23656K, capacity 24294K, committed 24448K, reserved 1071104K
  class space    used 2748K, capacity 2943K, committed 2944K, reserved 1048576K
Event: 4.793 GC heap after
Heap after GC invocations=11 (full 1):
 PSYoungGen      total 318976K, used 22002K [0x000000076ab00000, 0x0000000780480000, 0x00000007c0000000)
  eden space 296960K, 0% used [0x000000076ab00000,0x000000076ab00000,0x000000077cd00000)
  from space 22016K, 99% used [0x000000077e580000,0x000000077fafcad8,0x000000077fb00000)
  to   space 25088K, 0% used [0x000000077cd00000,0x000000077cd00000,0x000000077e580000)
 ParOldGen       total 132096K, used 22334K [0x00000006c0000000, 0x00000006c8100000, 0x000000076ab00000)
  object space 132096K, 16% used [0x00000006c0000000,0x00000006c15cfa30,0x00000006c8100000)
 Metaspace       used 23656K, capacity 24294K, committed 24448K, reserved 1071104K
  class space    used 2748K, capacity 2943K, committed 2944K, reserved 1048576K
}
Event: 5.662 GC heap before
{Heap before GC invocations=12 (full 1):
 PSYoungGen      total 318976K, used 318962K [0x000000076ab00000, 0x0000000780480000, 0x00000007c0000000)
  eden space 296960K, 100% used [0x000000076ab00000,0x000000077cd00000,0x000000077cd00000)
  from space 22016K, 99% used [0x000000077e580000,0x000000077fafcad8,0x000000077fb00000)
  to   space 25088K, 0% used [0x000000077cd00000,0x000000077cd00000,0x000000077e580000)
 ParOldGen       total 132096K, used 22334K [0x00000006c0000000, 0x00000006c8100000, 0x000000076ab00000)
  object space 132096K, 16% used [0x00000006c0000000,0x00000006c15cfa30,0x00000006c8100000)
 Metaspace       used 23982K, capacity 24648K, committed 24832K, reserved 1071104K
  class space    used 2772K, capacity 2951K, committed 3072K, reserved 1048576K
Event: 5.674 GC heap after
Heap after GC invocations=12 (full 1):
 PSYoungGen      total 322048K, used 17994K [0x000000076ab00000, 0x0000000783e00000, 0x00000007c0000000)
  eden space 296960K, 0% used [0x000000076ab00000,0x000000076ab00000,0x000000077cd00000)
  from space 25088K, 71% used [0x000000077cd00000,0x000000077de92bd8,0x000000077e580000)
  to   space 26112K, 0% used [0x0000000782480000,0x0000000782480000,0x0000000783e00000)
 ParOldGen       total 132096K, used 22342K [0x00000006c0000000, 0x00000006c8100000, 0x000000076ab00000)
  object space 132096K, 16% used [0x00000006c0000000,0x00000006c15d1a30,0x00000006c8100000)
 Metaspace       used 23982K, capacity 24648K, committed 24832K, reserved 1071104K
  class space    used 2772K, capacity 2951K, committed 3072K, reserved 1048576K
}
Event: 5.851 GC heap before
{Heap before GC invocations=13 (full 1):
 PSYoungGen      total 322048K, used 314954K [0x000000076ab00000, 0x0000000783e00000, 0x00000007c0000000)
  eden space 296960K, 100% used [0x000000076ab00000,0x000000077cd00000,0x000000077cd00000)
  from space 25088K, 71% used [0x000000077cd00000,0x000000077de92bd8,0x000000077e580000)
  to   space 26112K, 0% used [0x0000000782480000,0x0000000782480000,0x0000000783e00000)
 ParOldGen       total 132096K, used 22342K [0x00000006c0000000, 0x00000006c8100000, 0x000000076ab00000)
  object space 132096K, 16% used [0x00000006c0000000,0x00000006c15d1a30,0x00000006c8100000)
 Metaspace       used 23982K, capacity 24648K, committed 24832K, reserved 1071104K
  class space    used 2772K, capacity 2951K, committed 3072K, reserved 1048576K
Event: 5.855 GC heap after
Heap after GC invocations=13 (full 1):
 PSYoungGen      total 386560K, used 6400K [0x000000076ab00000, 0x0000000784080000, 0x00000007c0000000)
  eden space 360448K, 0% used [0x000000076ab00000,0x000000076ab00000,0x0000000780b00000)
  from space 26112K, 24% used [0x0000000782480000,0x0000000782ac0030,0x0000000783e00000)
  to   space 26112K, 0% used [0x0000000780b00000,0x0000000780b00000,0x0000000782480000)
 ParOldGen       total 132096K, used 22350K [0x00000006c0000000, 0x00000006c8100000, 0x000000076ab00000)
  object space 132096K, 16% used [0x00000006c0000000,0x00000006c15d3a30,0x00000006c8100000)
 Metaspace       used 23982K, capacity 24648K, committed 24832K, reserved 1071104K
  class space    used 2772K, capacity 2951K, committed 3072K, reserved 1048576K
}
Event: 6.604 GC heap before
{Heap before GC invocations=14 (full 1):
 PSYoungGen      total 386560K, used 366848K [0x000000076ab00000, 0x0000000784080000, 0x00000007c0000000)
  eden space 360448K, 100% used [0x000000076ab00000,0x0000000780b00000,0x0000000780b00000)
  from space 26112K, 24% used [0x0000000782480000,0x0000000782ac0030,0x0000000783e00000)
  to   space 26112K, 0% used [0x0000000780b00000,0x0000000780b00000,0x0000000782480000)
 ParOldGen       total 132096K, used 22350K [0x00000006c0000000, 0x00000006c8100000, 0x000000076ab00000)
  object space 132096K, 16% used [0x00000006c0000000,0x00000006c15d3a30,0x00000006c8100000)
 Metaspace       used 23991K, capacity 24648K, committed 24832K, reserved 1071104K
  class space    used 2772K, capacity 2951K, committed 3072K, reserved 1048576K
Event: 6.622 GC heap after
Heap after GC invocations=14 (full 1):
 PSYoungGen      total 386560K, used 25170K [0x000000076ab00000, 0x0000000789380000, 0x00000007c0000000)
  eden space 360448K, 0% used [0x000000076ab00000,0x000000076ab00000,0x0000000780b00000)
  from space 26112K, 96% used [0x0000000780b00000,0x0000000782394b58,0x0000000782480000)
  to   space 29184K, 0% used [0x0000000787700000,0x0000000787700000,0x0000000789380000)
 ParOldGen       total 132096K, used 22350K [0x00000006c0000000, 0x00000006c8100000, 0x000000076ab00000)
  object space 132096K, 16% used [0x00000006c0000000,0x00000006c15d3a30,0x00000006c8100000)
 Metaspace       used 23991K, capacity 24648K, committed 24832K, reserved 1071104K
  class space    used 2772K, capacity 2951K, committed 3072K, reserved 1048576K
}

Deoptimization events (10 events):
Event: 5.426 Thread 0x00007fe792010000 Uncommon trap: reason=unstable_if action=reinterpret pc=0x00000001071594a8 method=java.util.HashMap.putVal(ILjava/lang/Object;Ljava/lang/Object;ZZ)Ljava/lang/Object; @ 193
Event: 5.442 Thread 0x00007fe792010000 Uncommon trap: reason=bimorphic action=maybe_recompile pc=0x0000000107a9d50c method=java.util.HashMap.putVal(ILjava/lang/Object;Ljava/lang/Object;ZZ)Ljava/lang/Object; @ 253
Event: 5.443 Thread 0x00007fe792010000 Uncommon trap: reason=bimorphic action=maybe_recompile pc=0x0000000107a9d50c method=java.util.HashMap.putVal(ILjava/lang/Object;Ljava/lang/Object;ZZ)Ljava/lang/Object; @ 253
Event: 5.457 Thread 0x00007fe792010000 Uncommon trap: reason=unstable_if action=reinterpret pc=0x0000000107417e0c method=java.util.Hashtable.contains(Ljava/lang/Object;)Z @ 24
Event: 5.460 Thread 0x00007fe792010000 Uncommon trap: reason=class_check action=maybe_recompile pc=0x000000010745ef50 method=java.io.FilterInputStream.read([B)I @ 5
Event: 5.461 Thread 0x00007fe792010000 Uncommon trap: reason=class_check action=maybe_recompile pc=0x000000010745ef50 method=java.io.FilterInputStream.read([B)I @ 5
Event: 5.461 Thread 0x00007fe792010000 Uncommon trap: reason=class_check action=maybe_recompile pc=0x000000010745ef50 method=java.io.FilterInputStream.read([B)I @ 5
Event: 5.461 Thread 0x00007fe792010000 Uncommon trap: reason=class_check action=maybe_recompile pc=0x000000010745ef50 method=java.io.FilterInputStream.read([B)I @ 5
Event: 5.644 Thread 0x00007fe792010000 Uncommon trap: reason=unstable_if action=reinterpret pc=0x000000010776d3bc method=org.codehaus.plexus.archiver.AbstractArchiver.getLogger()Lorg/codehaus/plexus/logging/Logger; @ 4
Event: 5.901 Thread 0x00007fe792010000 Uncommon trap: reason=unstable_if action=reinterpret pc=0x0000000107503bd4 method=org.codehaus.plexus.archiver.zip.ZipOutputStream.closeEntry()V @ 4

Internal exceptions (10 events):
Event: 3.072 Thread 0x00007fe7938be000 Implicit null exception at 0x00000001078fa6c8 to 0x00000001078fa791
Event: 3.072 Thread 0x00007fe7938be800 Implicit null exception at 0x00000001078fa6c8 to 0x00000001078fa791
Event: 3.072 Thread 0x00007fe7938e6800 Implicit null exception at 0x00000001078fa6c8 to 0x00000001078fa791
Event: 5.303 Thread 0x00007fe792010000 Exception <a 'java/lang/NoClassDefFoundError': org/slf4j/Logger> (0x0000000776479c48) thrown at [/HUDSON3/workspace/8-2-build-macosx-x86_64/jdk8u73/6086/hotspot/src/share/vm/oops/constantPool.cpp, line 235]
Event: 5.307 Thread 0x00007fe792010000 Implicit null exception at 0x0000000107767b19 to 0x0000000107767d95
Event: 5.345 Thread 0x00007fe792010000 Implicit null exception at 0x0000000107d06680 to 0x0000000107d06a21
Event: 5.411 Thread 0x00007fe792010000 Implicit null exception at 0x00000001076c77ae to 0x00000001076c7a19
Event: 5.427 Thread 0x00007fe792010000 Exception <a 'java/io/FileNotFoundException'> (0x00000007769b8b08) thrown at [/HUDSON3/workspace/8-2-build-macosx-x86_64/jdk8u73/6086/hotspot/src/share/vm/prims/jni.cpp, line 709]
Event: 5.427 Thread 0x00007fe792010000 Exception <a 'java/io/FileNotFoundException'> (0x00000007769ba698) thrown at [/HUDSON3/workspace/8-2-build-macosx-x86_64/jdk8u73/6086/hotspot/src/share/vm/prims/jni.cpp, line 709]
Event: 5.901 Thread 0x00007fe792010000 Implicit null exception at 0x0000000107501295 to 0x0000000107503bc1

Events (10 events):
Event: 6.969 Thread 0x00007fe794845000 flushing nmethod 0x0000000107266650
Event: 6.969 Thread 0x00007fe794845000 flushing nmethod 0x000000010726bd10
Event: 6.974 Thread 0x00007fe794845000 flushing nmethod 0x00000001073eef50
Event: 6.974 Thread 0x00007fe794845000 flushing nmethod 0x00000001073f1650
Event: 6.974 Thread 0x00007fe794845000 flushing nmethod 0x00000001073f2690
Event: 6.974 Thread 0x00007fe794845000 flushing nmethod 0x000000010746f0d0
Event: 6.975 Thread 0x00007fe794845000 flushing nmethod 0x00000001074eca10
Event: 6.975 Thread 0x00007fe794845000 flushing nmethod 0x0000000107507410
Event: 7.363 Thread 0x00007fe794845000 flushing nmethod 0x0000000107582c10
Event: 7.364 Thread 0x00007fe794845000 flushing nmethod 0x00000001075db0d0


Dynamic libraries:
0x000000000a8f7000 	/System/Library/Frameworks/Cocoa.framework/Versions/A/Cocoa
0x000000000a8f7000 	/System/Library/Frameworks/Security.framework/Versions/A/Security
0x000000000a8f7000 	/System/Library/Frameworks/ApplicationServices.framework/Versions/A/ApplicationServices
0x000000000a8f7000 	/usr/lib/libz.1.dylib
0x000000000a8f7000 	/usr/lib/libSystem.B.dylib
0x000000000a8f7000 	/usr/lib/libobjc.A.dylib
0x000000000a8f7000 	/System/Library/Frameworks/CoreFoundation.framework/Versions/A/CoreFoundation
0x000000000a8f7000 	/System/Library/Frameworks/Foundation.framework/Versions/C/Foundation
0x000000000a8f7000 	/System/Library/Frameworks/AppKit.framework/Versions/C/AppKit
0x000000000a8f7000 	/System/Library/Frameworks/CoreData.framework/Versions/A/CoreData
0x000000000a8f7000 	/System/Library/PrivateFrameworks/RemoteViewServices.framework/Versions/A/RemoteViewServices
0x000000000a8f7000 	/System/Library/PrivateFrameworks/UIFoundation.framework/Versions/A/UIFoundation
0x000000000a8f7000 	/usr/lib/libScreenReader.dylib
0x000000000a8f7000 	/System/Library/Frameworks/Accelerate.framework/Versions/A/Accelerate
0x000000000a8f7000 	/System/Library/Frameworks/IOSurface.framework/Versions/A/IOSurface
0x000000000a8f7000 	/System/Library/Frameworks/AudioToolbox.framework/Versions/A/AudioToolbox
0x000000000a8f7000 	/System/Library/Frameworks/AudioUnit.framework/Versions/A/AudioUnit
0x000000000a8f7000 	/System/Library/PrivateFrameworks/DataDetectorsCore.framework/Versions/A/DataDetectorsCore
0x000000000a8f7000 	/System/Library/PrivateFrameworks/DesktopServicesPriv.framework/Versions/A/DesktopServicesPriv
0x000000000a8f7000 	/System/Library/Frameworks/Carbon.framework/Versions/A/Frameworks/HIToolbox.framework/Versions/A/HIToolbox
0x000000000a8f7000 	/System/Library/Frameworks/QuartzCore.framework/Versions/A/QuartzCore
0x000000000a8f7000 	/System/Library/Frameworks/Carbon.framework/Versions/A/Frameworks/SpeechRecognition.framework/Versions/A/SpeechRecognition
0x000000000a8f7000 	/usr/lib/libauto.dylib
0x000000000a8f7000 	/usr/lib/libicucore.A.dylib
0x000000000a8f7000 	/usr/lib/libxml2.2.dylib
0x000000000a8f7000 	/System/Library/PrivateFrameworks/CoreUI.framework/Versions/A/CoreUI
0x000000000a8f7000 	/System/Library/Frameworks/CoreAudio.framework/Versions/A/CoreAudio
0x000000000a8f7000 	/System/Library/Frameworks/DiskArbitration.framework/Versions/A/DiskArbitration
0x000000000a8f7000 	/usr/lib/liblangid.dylib
0x000000000a8f7000 	/System/Library/PrivateFrameworks/MultitouchSupport.framework/Versions/A/MultitouchSupport
0x000000000a8f7000 	/System/Library/Frameworks/IOKit.framework/Versions/A/IOKit
0x000000000a8f7000 	/usr/lib/libDiagnosticMessagesClient.dylib
0x000000000a8f7000 	/System/Library/Frameworks/CoreServices.framework/Versions/A/CoreServices
0x000000000a8f7000 	/System/Library/PrivateFrameworks/PerformanceAnalysis.framework/Versions/A/PerformanceAnalysis
0x000000000a8f7000 	/System/Library/PrivateFrameworks/GenerationalStorage.framework/Versions/A/GenerationalStorage
0x000000000a8f7000 	/System/Library/Frameworks/OpenGL.framework/Versions/A/OpenGL
0x000000000a8f7000 	/System/Library/PrivateFrameworks/Sharing.framework/Versions/A/Sharing
0x000000000a8f7000 	/System/Library/Frameworks/CoreGraphics.framework/Versions/A/CoreGraphics
0x000000000a8f7000 	/System/Library/Frameworks/CoreImage.framework/Versions/A/CoreImage
0x000000000a8f7000 	/System/Library/Frameworks/CoreText.framework/Versions/A/CoreText
0x000000000a8f7000 	/System/Library/Frameworks/ImageIO.framework/Versions/A/ImageIO
0x000000000a8f7000 	/System/Library/PrivateFrameworks/Backup.framework/Versions/A/Backup
0x000000000a8f7000 	/usr/lib/libextension.dylib
0x000000000a8f7000 	/usr/lib/libarchive.2.dylib
0x000000000a8f7000 	/System/Library/Frameworks/CFNetwork.framework/Versions/A/CFNetwork
0x000000000a8f7000 	/System/Library/Frameworks/SystemConfiguration.framework/Versions/A/SystemConfiguration
0x000000000a8f7000 	/usr/lib/libCRFSuite.dylib
0x000000000a8f7000 	/usr/lib/libc++.1.dylib
0x000000000a8f7000 	/usr/lib/libc++abi.dylib
0x000000000a8f7000 	/usr/lib/system/libcache.dylib
0x000000000a8f7000 	/usr/lib/system/libcommonCrypto.dylib
0x000000000a8f7000 	/usr/lib/system/libcompiler_rt.dylib
0x000000000a8f7000 	/usr/lib/system/libcopyfile.dylib
0x000000000a8f7000 	/usr/lib/system/libcorecrypto.dylib
0x000000000a8f7000 	/usr/lib/system/libdispatch.dylib
0x000000000a8f7000 	/usr/lib/system/libdyld.dylib
0x000000000a8f7000 	/usr/lib/system/libkeymgr.dylib
0x000000000a8f7000 	/usr/lib/system/liblaunch.dylib
0x000000000a8f7000 	/usr/lib/system/libmacho.dylib
0x000000000a8f7000 	/usr/lib/system/libquarantine.dylib
0x000000000a8f7000 	/usr/lib/system/libremovefile.dylib
0x000000000a8f7000 	/usr/lib/system/libsystem_asl.dylib
0x000000000a8f7000 	/usr/lib/system/libsystem_blocks.dylib
0x000000000a8f7000 	/usr/lib/system/libsystem_c.dylib
0x000000000a8f7000 	/usr/lib/system/libsystem_configuration.dylib
0x000000000a8f7000 	/usr/lib/system/libsystem_coreservices.dylib
0x000000000a8f7000 	/usr/lib/system/libsystem_coretls.dylib
0x000000000a8f7000 	/usr/lib/system/libsystem_dnssd.dylib
0x000000000a8f7000 	/usr/lib/system/libsystem_info.dylib
0x000000000a8f7000 	/usr/lib/system/libsystem_kernel.dylib
0x000000000a8f7000 	/usr/lib/system/libsystem_m.dylib
0x000000000a8f7000 	/usr/lib/system/libsystem_malloc.dylib
0x000000000a8f7000 	/usr/lib/system/libsystem_network.dylib
0x000000000a8f7000 	/usr/lib/system/libsystem_networkextension.dylib
0x000000000a8f7000 	/usr/lib/system/libsystem_notify.dylib
0x000000000a8f7000 	/usr/lib/system/libsystem_platform.dylib
0x000000000a8f7000 	/usr/lib/system/libsystem_pthread.dylib
0x000000000a8f7000 	/usr/lib/system/libsystem_sandbox.dylib
0x000000000a8f7000 	/usr/lib/system/libsystem_secinit.dylib
0x000000000a8f7000 	/usr/lib/system/libsystem_trace.dylib
0x000000000a8f7000 	/usr/lib/system/libunc.dylib
0x000000000a8f7000 	/usr/lib/system/libunwind.dylib
0x000000000a8f7000 	/usr/lib/system/libxpc.dylib
0x000000000a8f7000 	/usr/lib/libenergytrace.dylib
0x000000000a8f7000 	/usr/lib/libbsm.0.dylib
0x000000000a8f7000 	/usr/lib/system/libkxld.dylib
0x000000000a8f7000 	/usr/lib/libxar.1.dylib
0x000000000a8f7000 	/usr/lib/libsqlite3.dylib
0x000000000a8f7000 	/usr/lib/libpam.2.dylib
0x000000000a8f7000 	/usr/lib/libOpenScriptingUtil.dylib
0x000000000a8f7000 	/usr/lib/libbz2.1.0.dylib
0x000000000a8f7000 	/usr/lib/liblzma.5.dylib
0x000000000a8f7000 	/System/Library/Frameworks/CoreServices.framework/Versions/A/Frameworks/FSEvents.framework/Versions/A/FSEvents
0x000000000a8f7000 	/System/Library/Frameworks/CoreServices.framework/Versions/A/Frameworks/CarbonCore.framework/Versions/A/CarbonCore
0x000000000a8f7000 	/System/Library/Frameworks/CoreServices.framework/Versions/A/Frameworks/Metadata.framework/Versions/A/Metadata
0x000000000a8f7000 	/System/Library/Frameworks/CoreServices.framework/Versions/A/Frameworks/OSServices.framework/Versions/A/OSServices
0x000000000a8f7000 	/System/Library/Frameworks/CoreServices.framework/Versions/A/Frameworks/SearchKit.framework/Versions/A/SearchKit
0x000000000a8f7000 	/System/Library/Frameworks/CoreServices.framework/Versions/A/Frameworks/AE.framework/Versions/A/AE
0x000000000a8f7000 	/System/Library/Frameworks/CoreServices.framework/Versions/A/Frameworks/LaunchServices.framework/Versions/A/LaunchServices
0x000000000a8f7000 	/System/Library/Frameworks/CoreServices.framework/Versions/A/Frameworks/DictionaryServices.framework/Versions/A/DictionaryServices
0x000000000a8f7000 	/System/Library/Frameworks/CoreServices.framework/Versions/A/Frameworks/SharedFileList.framework/Versions/A/SharedFileList
0x000000000a8f7000 	/System/Library/Frameworks/NetFS.framework/Versions/A/NetFS
0x000000000a8f7000 	/System/Library/PrivateFrameworks/NetAuth.framework/Versions/A/NetAuth
0x000000000a8f7000 	/System/Library/PrivateFrameworks/login.framework/Versions/A/Frameworks/loginsupport.framework/Versions/A/loginsupport
0x000000000a8f7000 	/System/Library/PrivateFrameworks/TCC.framework/Versions/A/TCC
0x000000000a8f7000 	/usr/lib/libmecabra.dylib
0x000000000a8f7000 	/System/Library/Frameworks/ApplicationServices.framework/Versions/A/Frameworks/ATS.framework/Versions/A/ATS
0x000000000a8f7000 	/System/Library/Frameworks/ApplicationServices.framework/Versions/A/Frameworks/ColorSync.framework/Versions/A/ColorSync
0x000000000a8f7000 	/System/Library/Frameworks/ApplicationServices.framework/Versions/A/Frameworks/HIServices.framework/Versions/A/HIServices
0x000000000a8f7000 	/System/Library/Frameworks/ApplicationServices.framework/Versions/A/Frameworks/LangAnalysis.framework/Versions/A/LangAnalysis
0x000000000a8f7000 	/System/Library/Frameworks/ApplicationServices.framework/Versions/A/Frameworks/PrintCore.framework/Versions/A/PrintCore
0x000000000a8f7000 	/System/Library/Frameworks/ApplicationServices.framework/Versions/A/Frameworks/QD.framework/Versions/A/QD
0x000000000a8f7000 	/System/Library/Frameworks/ApplicationServices.framework/Versions/A/Frameworks/SpeechSynthesis.framework/Versions/A/SpeechSynthesis
0x000000000a8f7000 	/System/Library/Frameworks/Metal.framework/Versions/A/Metal
0x000000000a8f7000 	/System/Library/Frameworks/Accelerate.framework/Versions/A/Frameworks/vImage.framework/Versions/A/vImage
0x000000000a8f7000 	/System/Library/Frameworks/Accelerate.framework/Versions/A/Frameworks/vecLib.framework/Versions/A/vecLib
0x000000000a8f7000 	/System/Library/Frameworks/Accelerate.framework/Versions/A/Frameworks/vecLib.framework/Versions/A/libvDSP.dylib
0x000000000a8f7000 	/System/Library/Frameworks/Accelerate.framework/Versions/A/Frameworks/vecLib.framework/Versions/A/libvMisc.dylib
0x000000000a8f7000 	/System/Library/Frameworks/Accelerate.framework/Versions/A/Frameworks/vecLib.framework/Versions/A/libLAPACK.dylib
0x000000000a8f7000 	/System/Library/Frameworks/Accelerate.framework/Versions/A/Frameworks/vecLib.framework/Versions/A/libBLAS.dylib
0x000000000a8f7000 	/System/Library/Frameworks/Accelerate.framework/Versions/A/Frameworks/vecLib.framework/Versions/A/libLinearAlgebra.dylib
0x000000000a8f7000 	/System/Library/Frameworks/Accelerate.framework/Versions/A/Frameworks/vecLib.framework/Versions/A/libSparseBLAS.dylib
0x000000000a8f7000 	/System/Library/PrivateFrameworks/GPUCompiler.framework/libmetal_timestamp.dylib
0x000000000a8f7000 	/System/Library/Frameworks/OpenGL.framework/Versions/A/Libraries/libCoreFSCache.dylib
0x000000000a8f7000 	/System/Library/PrivateFrameworks/IOAccelerator.framework/Versions/A/IOAccelerator
0x000000000a8f7000 	/System/Library/Frameworks/ApplicationServices.framework/Versions/A/Frameworks/ATS.framework/Versions/A/Resources/libFontParser.dylib
0x000000000a8f7000 	/System/Library/Frameworks/ApplicationServices.framework/Versions/A/Frameworks/ATS.framework/Versions/A/Resources/libFontRegistry.dylib
0x000000000a8f7000 	/System/Library/PrivateFrameworks/AppleVPA.framework/Versions/A/AppleVPA
0x000000000a8f7000 	/System/Library/PrivateFrameworks/AppleJPEG.framework/Versions/A/AppleJPEG
0x000000000a8f7000 	/System/Library/Frameworks/ImageIO.framework/Versions/A/Resources/libJPEG.dylib
0x000000000a8f7000 	/System/Library/Frameworks/ImageIO.framework/Versions/A/Resources/libTIFF.dylib
0x000000000a8f7000 	/System/Library/Frameworks/ImageIO.framework/Versions/A/Resources/libPng.dylib
0x000000000a8f7000 	/System/Library/Frameworks/ImageIO.framework/Versions/A/Resources/libGIF.dylib
0x000000000a8f7000 	/System/Library/Frameworks/ImageIO.framework/Versions/A/Resources/libJP2.dylib
0x000000000a8f7000 	/System/Library/Frameworks/ImageIO.framework/Versions/A/Resources/libRadiance.dylib
0x000000000a8f7000 	/System/Library/Frameworks/CoreVideo.framework/Versions/A/CoreVideo
0x000000000a8f7000 	/System/Library/Frameworks/OpenGL.framework/Versions/A/Libraries/libGLU.dylib
0x000000000a8f7000 	/System/Library/Frameworks/OpenGL.framework/Versions/A/Libraries/libGFXShared.dylib
0x000000000a8f7000 	/System/Library/Frameworks/OpenGL.framework/Versions/A/Libraries/libGL.dylib
0x000000000a8f7000 	/System/Library/Frameworks/OpenGL.framework/Versions/A/Libraries/libGLImage.dylib
0x000000000a8f7000 	/System/Library/Frameworks/OpenGL.framework/Versions/A/Libraries/libCVMSPluginSupport.dylib
0x000000000a8f7000 	/System/Library/Frameworks/OpenGL.framework/Versions/A/Libraries/libCoreVMClient.dylib
0x000000000a8f7000 	/usr/lib/libcompression.dylib
0x000000000a8f7000 	/usr/lib/libcups.2.dylib
0x000000000a8f7000 	/System/Library/Frameworks/Kerberos.framework/Versions/A/Kerberos
0x000000000a8f7000 	/System/Library/Frameworks/GSS.framework/Versions/A/GSS
0x000000000a8f7000 	/usr/lib/libresolv.9.dylib
0x000000000a8f7000 	/usr/lib/libiconv.2.dylib
0x000000000a8f7000 	/System/Library/PrivateFrameworks/Heimdal.framework/Versions/A/Heimdal
0x000000000a8f7000 	/usr/lib/libheimdal-asn1.dylib
0x000000000a8f7000 	/System/Library/Frameworks/OpenDirectory.framework/Versions/A/OpenDirectory
0x000000000a8f7000 	/System/Library/PrivateFrameworks/CommonAuth.framework/Versions/A/CommonAuth
0x000000000a8f7000 	/System/Library/Frameworks/OpenDirectory.framework/Versions/A/Frameworks/CFOpenDirectory.framework/Versions/A/CFOpenDirectory
0x000000000a8f7000 	/System/Library/Frameworks/SecurityFoundation.framework/Versions/A/SecurityFoundation
0x000000000a8f7000 	/System/Library/PrivateFrameworks/LanguageModeling.framework/Versions/A/LanguageModeling
0x000000000a8f7000 	/usr/lib/libmarisa.dylib
0x000000000a8f7000 	/usr/lib/libChineseTokenizer.dylib
0x000000000a8f7000 	/usr/lib/libcmph.dylib
0x000000000a8f7000 	/System/Library/Frameworks/ServiceManagement.framework/Versions/A/ServiceManagement
0x000000000a8f7000 	/usr/lib/libxslt.1.dylib
0x000000000a8f7000 	/System/Library/Frameworks/Carbon.framework/Versions/A/Frameworks/Ink.framework/Versions/A/Ink
0x000000000a8f7000 	/usr/lib/libFosl_dynamic.dylib
0x000000000a8f7000 	/System/Library/PrivateFrameworks/FaceCore.framework/Versions/A/FaceCore
0x000000000a8f7000 	/System/Library/Frameworks/OpenCL.framework/Versions/A/OpenCL
0x000000000a8f7000 	/System/Library/PrivateFrameworks/CrashReporterSupport.framework/Versions/A/CrashReporterSupport
0x000000000a8f7000 	/System/Library/PrivateFrameworks/IconServices.framework/Versions/A/IconServices
0x000000000a8f7000 	/System/Library/PrivateFrameworks/Apple80211.framework/Versions/A/Apple80211
0x000000000a8f7000 	/System/Library/Frameworks/CoreWLAN.framework/Versions/A/CoreWLAN
0x000000000a8f7000 	/System/Library/Frameworks/IOBluetooth.framework/Versions/A/IOBluetooth
0x000000000a8f7000 	/System/Library/PrivateFrameworks/CoreWiFi.framework/Versions/A/CoreWiFi
0x000000000a8f7000 	/System/Library/Frameworks/CoreBluetooth.framework/Versions/A/CoreBluetooth
0x000000000a8f7000 	/System/Library/PrivateFrameworks/ChunkingLibrary.framework/Versions/A/ChunkingLibrary
0x000000000a8f7000 	/System/Library/PrivateFrameworks/DebugSymbols.framework/Versions/A/DebugSymbols
0x000000000a8f7000 	/System/Library/PrivateFrameworks/CoreSymbolication.framework/Versions/A/CoreSymbolication
0x000000000a8f7000 	/System/Library/PrivateFrameworks/Symbolication.framework/Versions/A/Symbolication
0x000000000a8f7000 	/System/Library/PrivateFrameworks/SpeechRecognitionCore.framework/Versions/A/SpeechRecognitionCore
0x0000000106000000 	/Library/Java/JavaVirtualMachines/jdk1.8.0_73.jdk/Contents/Home/jre/lib/server/libjvm.dylib
0x000000000a8f7000 	/usr/lib/libstdc++.6.dylib
0x0000000104f0f000 	/Library/Java/JavaVirtualMachines/jdk1.8.0_73.jdk/Contents/Home/jre/lib/libverify.dylib
0x0000000104f1d000 	/Library/Java/JavaVirtualMachines/jdk1.8.0_73.jdk/Contents/Home/jre/lib/libjava.dylib
0x0000000104f5c000 	/Library/Java/JavaVirtualMachines/jdk1.8.0_73.jdk/Contents/Home/jre/lib/libzip.dylib
0x0000000121faa000 	/System/Library/Frameworks/JavaVM.framework/Frameworks/JavaRuntimeSupport.framework/JavaRuntimeSupport
0x0000000121fc5000 	/System/Library/Frameworks/JavaVM.framework/Versions/A/Frameworks/JavaNativeFoundation.framework/Versions/A/JavaNativeFoundation
0x0000000121fda000 	/System/Library/Frameworks/JavaVM.framework/Versions/A/JavaVM
0x000000000a8f7000 	/System/Library/Frameworks/Carbon.framework/Versions/A/Carbon
0x0000000121fe7000 	/System/Library/PrivateFrameworks/JavaLaunching.framework/Versions/A/JavaLaunching
0x000000000a8f7000 	/System/Library/Frameworks/Carbon.framework/Versions/A/Frameworks/CommonPanels.framework/Versions/A/CommonPanels
0x000000000a8f7000 	/System/Library/Frameworks/Carbon.framework/Versions/A/Frameworks/Help.framework/Versions/A/Help
0x000000000a8f7000 	/System/Library/Frameworks/Carbon.framework/Versions/A/Frameworks/ImageCapture.framework/Versions/A/ImageCapture
0x000000000a8f7000 	/System/Library/Frameworks/Carbon.framework/Versions/A/Frameworks/OpenScripting.framework/Versions/A/OpenScripting
0x000000000a8f7000 	/System/Library/Frameworks/Carbon.framework/Versions/A/Frameworks/Print.framework/Versions/A/Print
0x000000000a8f7000 	/System/Library/Frameworks/Carbon.framework/Versions/A/Frameworks/SecurityHI.framework/Versions/A/SecurityHI
0x0000000123948000 	/Applications/IntelliJ IDEA CE.app/Contents/bin/libbreakgen64.jnilib
0x000000012394b000 	/Library/Java/JavaVirtualMachines/jdk1.8.0_73.jdk/Contents/Home/jre/lib/libnet.dylib
0x0000000123b6d000 	/Library/Java/JavaVirtualMachines/jdk1.8.0_73.jdk/Contents/Home/jre/lib/libnio.dylib

VM Arguments:
jvm_args: -Dmaven.home=/Applications/IntelliJ IDEA CE.app/Contents/plugins/maven/lib/maven3 -Dclassworlds.conf=/Applications/IntelliJ IDEA CE.app/Contents/plugins/maven/lib/maven3/bin/m2.conf -Didea.launcher.port=7541 -Didea.launcher.bin.path=/Applications/IntelliJ IDEA CE.app/Contents/bin -Dfile.encoding=UTF-8 
java_command: com.intellij.rt.execution.application.AppMain org.codehaus.classworlds.Launcher -Didea.version=2016.2.4 clean install deploy
java_class_path (initial): /Applications/IntelliJ IDEA CE.app/Contents/plugins/maven/lib/maven3/boot/plexus-classworlds-2.4.jar:/Applications/IntelliJ IDEA CE.app/Contents/lib/idea_rt.jar
Launcher Type: SUN_STANDARD

Environment Variables:
JAVA_HOME=/Library/Java/JavaVirtualMachines/jdk1.8.0_73.jdk/Contents/Home
PATH=/Users/prashil/anaconda/bin:/usr/local/bin:/usr/bin:/bin:/usr/sbin:/sbin
SHELL=/bin/bash

Signal Handlers:
SIGSEGV: [libjvm.dylib+0x5a71a5], sa_mask[0]=11111111011111110111111111111111, sa_flags=SA_ONSTACK|SA_RESTART|SA_SIGINFO
SIGBUS: [libjvm.dylib+0x5a71a5], sa_mask[0]=11111111011111110111111111111111, sa_flags=SA_RESTART|SA_SIGINFO
SIGFPE: [libjvm.dylib+0x480eb4], sa_mask[0]=11111111011111110111111111111111, sa_flags=SA_RESTART|SA_SIGINFO
SIGPIPE: [libjvm.dylib+0x480eb4], sa_mask[0]=11111111011111110111111111111111, sa_flags=SA_RESTART|SA_SIGINFO
SIGXFSZ: [libjvm.dylib+0x480eb4], sa_mask[0]=11111111011111110111111111111111, sa_flags=SA_RESTART|SA_SIGINFO
SIGILL: [libjvm.dylib+0x480eb4], sa_mask[0]=11111111011111110111111111111111, sa_flags=SA_RESTART|SA_SIGINFO
SIGUSR1: SIG_DFL, sa_mask[0]=00000000000000000000000000000000, sa_flags=none
SIGUSR2: [libjvm.dylib+0x4809d2], sa_mask[0]=00100000000000000000000000000000, sa_flags=SA_RESTART|SA_SIGINFO
SIGHUP: [libjvm.dylib+0x47efa9], sa_mask[0]=11111111011111110111111111111111, sa_flags=SA_RESTART|SA_SIGINFO
SIGINT: [libjvm.dylib+0x47efa9], sa_mask[0]=11111111011111110111111111111111, sa_flags=SA_RESTART|SA_SIGINFO
SIGTERM: [libjvm.dylib+0x47efa9], sa_mask[0]=11111111011111110111111111111111, sa_flags=SA_RESTART|SA_SIGINFO
SIGQUIT: [libjvm.dylib+0x47efa9], sa_mask[0]=11111111011111110111111111111111, sa_flags=SA_RESTART|SA_SIGINFO


---------------  S Y S T E M  ---------------

OS:Bsduname:Darwin 15.6.0 Darwin Kernel Version 15.6.0: Mon Aug 29 20:21:34 PDT 2016; root:xnu-3248.60.11~1/RELEASE_X86_64 x86_64
rlimit: STACK 8192k, CORE 0k, NPROC 709, NOFILE 10240, AS infinity
load average:2.62 2.47 2.43

CPU:total 8 (4 cores per cpu, 2 threads per core) family 6 model 70 stepping 1, cmov, cx8, fxsr, mmx, sse, sse2, sse3, ssse3, sse4.1, sse4.2, popcnt, avx, avx2, aes, clmul, erms, lzcnt, ht, tsc, tscinvbit, bmi1, bmi2

Memory: 4k page, physical 16777216k(202904k free)

/proc/meminfo:


vm_info: Java HotSpot(TM) 64-Bit Server VM (25.73-b02) for bsd-amd64 JRE (1.8.0_73-b02), built on Jan 29 2016 15:02:00 by "java_re" with gcc 4.2.1 (Based on Apple Inc. build 5658) (LLVM build 2336.11.00)

time: Tue Oct 11 12:08:06 2016
elapsed time: 7 seconds (0d 0h 0m 7s)

